This is pdfTeX, Version 3.1415926-2.4-1.40.13 (TeX Live 2012/W32TeX) (format=pdflatex 2021.3.16)  10 DEC 2021 21:51
entering extended mode
 restricted \write18 enabled.
 %&-line parsing enabled.
**Cover.tex
(./Cover.tex
LaTeX2e <2011/06/27>
Babel <v3.8m> and hyphenation patterns for english, dumylang, nohyphenation, ge
rman-x-2012-05-30, ngerman-x-2012-05-30, afrikaans, ancientgreek, ibycus, arabi
c, armenian, basque, bulgarian, catalan, pinyin, coptic, croatian, czech, danis
h, dutch, ukenglish, usenglishmax, esperanto, estonian, ethiopic, farsi, finnis
h, french, friulan, galician, german, ngerman, swissgerman, monogreek, greek, h
ungarian, icelandic, assamese, bengali, gujarati, hindi, kannada, malayalam, ma
rathi, oriya, panjabi, tamil, telugu, indonesian, interlingua, irish, italian, 
kurmanji, latin, latvian, lithuanian, mongolian, mongolianlmc, bokmal, nynorsk,
 polish, portuguese, romanian, romansh, russian, sanskrit, serbian, serbianc, s
lovak, slovenian, spanish, swedish, turkish, turkmen, ukrainian, uppersorbian, 
welsh, loaded.

! LaTeX Error: Environment titlepage undefined.

See the LaTeX manual or LaTeX Companion for explanation.
Type  H <return>  for immediate help.
 ...                                              
                                                  
l.1 \begin{titlepage}
                     
Your command was ignored.
Type  I <command> <return>  to replace it with another command,
or  <return>  to continue without it.


! LaTeX Error: Environment mybox undefined.

See the LaTeX manual or LaTeX Companion for explanation.
Type  H <return>  for immediate help.
 ...                                              
                                                  
l.2 \begin{mybox}
                 
Your command was ignored.
Type  I <command> <return>  to replace it with another command,
or  <return>  to continue without it.


! LaTeX Error: Missing \begin{document}.

See the LaTeX manual or LaTeX Companion for explanation.
Type  H <return>  for immediate help.
 ...                                              
                                                  
l.3 \begin{center}
                  
You're in trouble here.  Try typing  <return>  to proceed.
If that doesn't work, type  X <return>  to quit.


Overfull \hbox (20.0pt too wide) in paragraph at lines 3--3
[] 
 []

Missing character: There is no ƒ in font cmbx12!
Missing character: There is no ê in font cmbx12!
Missing character: There is no · in font cmbx12!
Missing character: There is no ∫ in font cmbx12!
Missing character: There is no † in font cmbx12!
Missing character: There is no · in font cmbx12!
Missing character: There is no ª in font cmbx12!
Missing character: There is no å in font cmbx12!
Missing character: There is no · in font cmbx12!
Missing character: There is no ª in font cmbx12!
Missing character: There is no ê in font cmbx12!
Missing character: There is no √ in font cmbx12!
Missing character: There is no Ä in font cmbx12!
Missing character: There is no · in font cmbx12!
Missing character: There is no ª in font cmbx12!
Missing character: There is no ê in font cmbx12!
Missing character: There is no · in font cmbx12!
Missing character: There is no ª in font cmbx12!
Missing character: There is no í in font cmbx12!
Missing character: There is no √ in font cmbx12!
Missing character: There is no ç in font cmbx12!

Overfull \hbox (5.02779pt too wide) in paragraph at lines 5--5
 \OT1/cmr/bx/n/12 I 
 []


Overfull \hbox (20.30557pt too wide) in paragraph at lines 5--5
 \OT1/cmr/bx/n/12 HC 
 []


Overfull \hbox (30.26389pt too wide) in paragraph at lines 5--5
 \OT1/cmr/bx/n/12 QUC 
 []


Overfull \hbox (25.83333pt too wide) in paragraph at lines 5--5
 \OT1/cmr/bx/n/12 GIA 
 []


Overfull \hbox (41.05559pt too wide) in paragraph at lines 5--5
 \OT1/cmr/bx/n/12 THNH 
 []


Overfull \hbox (19.7778pt too wide) in paragraph at lines 5--5
 \OT1/cmr/bx/n/12 PH 
 []


Overfull \hbox (10.55557pt too wide) in paragraph at lines 5--5
 \OT1/cmr/bx/n/12 H 
 []


Overfull \hbox (20.30557pt too wide) in paragraph at lines 5--5
 \OT1/cmr/bx/n/12 CH 
 []


Overfull \hbox (38.9445pt too wide) in paragraph at lines 5--5
 \OT1/cmr/bx/n/12 MINH 
 []

Missing character: There is no ∆ in font cmbx12!
Missing character: There is no Ø in font cmbx12!
Missing character: There is no · in font cmbx12!
Missing character: There is no ª in font cmbx12!
Missing character: There is no ú in font cmbx12!
Missing character: There is no ƒ in font cmbx12!
Missing character: There is no ê in font cmbx12!
Missing character: There is no · in font cmbx12!
Missing character: There is no ∫ in font cmbx12!
Missing character: There is no † in font cmbx12!
Missing character: There is no · in font cmbx12!
Missing character: There is no ª in font cmbx12!
Missing character: There is no å in font cmbx12!
Missing character: There is no · in font cmbx12!
Missing character: There is no ª in font cmbx12!
Missing character: There is no å in font cmbx12!
Missing character: There is no · in font cmbx12!
Missing character: There is no ª in font cmbx12!
Missing character: There is no ∞ in font cmbx12!
Missing character: There is no √ in font cmbx12!
Missing character: There is no ä in font cmbx12!

Overfull \hbox (40.625pt too wide) in paragraph at lines 6--7
 []\OT1/cmr/bx/n/12 TRNG 
 []


Overfull \hbox (5.02779pt too wide) in paragraph at lines 6--7
 \OT1/cmr/bx/n/12 I 
 []


Overfull \hbox (20.30557pt too wide) in paragraph at lines 6--7
 \OT1/cmr/bx/n/12 HC 
 []


Overfull \hbox (41.08333pt too wide) in paragraph at lines 6--7
 \OT1/cmr/bx/n/12 KHOA 
 []


Overfull \hbox (20.30557pt too wide) in paragraph at lines 6--7
 \OT1/cmr/bx/n/12 HC 
 []


Overfull \hbox (9.38887pt too wide) in paragraph at lines 6--7
 \OT1/cmr/bx/n/12 T 
 []


Overfull \hbox (36.6945pt too wide) in paragraph at lines 6--7
 \OT1/cmr/bx/n/12 NHIN 
 []


! LaTeX Error: Environment figure undefined.

See the LaTeX manual or LaTeX Companion for explanation.
Type  H <return>  for immediate help.
 ...                                              
                                                  
l.9 \begin{figure}
                  [H]
Your command was ignored.
Type  I <command> <return>  to replace it with another command,
or  <return>  to continue without it.

Missing character: There is no [ in font nullfont!
Missing character: There is no H in font nullfont!
Missing character: There is no ] in font nullfont!
! Undefined control sequence.
l.11 \includegraphics
                     [scale=0.25]{figures/logo_hcmus}
The control sequence at the end of the top line
of your error message was never \def'ed. If you have
misspelled it (e.g., `\hobx'), type `I' and the correct
spelling (e.g., `I\hbox'). Otherwise just continue,
and I'll forget about whatever was undefined.

Missing character: There is no [ in font nullfont!
Missing character: There is no s in font nullfont!
Missing character: There is no c in font nullfont!
Missing character: There is no a in font nullfont!
Missing character: There is no l in font nullfont!
Missing character: There is no e in font nullfont!
Missing character: There is no = in font nullfont!
Missing character: There is no 0 in font nullfont!
Missing character: There is no . in font nullfont!
Missing character: There is no 2 in font nullfont!
Missing character: There is no 5 in font nullfont!
Missing character: There is no ] in font nullfont!
Missing character: There is no f in font nullfont!
Missing character: There is no i in font nullfont!
Missing character: There is no g in font nullfont!
Missing character: There is no u in font nullfont!
Missing character: There is no r in font nullfont!
Missing character: There is no e in font nullfont!
Missing character: There is no s in font nullfont!
Missing character: There is no / in font nullfont!
Missing character: There is no l in font nullfont!
Missing character: There is no o in font nullfont!
Missing character: There is no g in font nullfont!
Missing character: There is no o in font nullfont!
! Missing $ inserted.
<inserted text> 
                $
l.11 \includegraphics[scale=0.25]{figures/logo_
                                               hcmus}
I've inserted a begin-math/end-math symbol since I think
you left one out. Proceed, with fingers crossed.

LaTeX Font Info:    External font `cmex10' loaded for size
(Font)              <7> on input line 11.
LaTeX Font Info:    External font `cmex10' loaded for size
(Font)              <5> on input line 11.
! Extra }, or forgotten $.
l.11 ...degraphics[scale=0.25]{figures/logo_hcmus}
                                                  
I've deleted a group-closing symbol because it seems to be
spurious, as in `$x}$'. But perhaps the } is legitimate and
you forgot something else, as in `\hbox{$x}'. In such cases
the way to recover is to insert both the forgotten and the
deleted material, e.g., by typing `I$}'.


! LaTeX Error: Command \end{center} invalid in math mode.

See the LaTeX manual or LaTeX Companion for explanation.
Type  H <return>  for immediate help.
 ...                                              
                                                  
l.12 \end{center}
                 
Try typing  <return>  to proceed.
If that doesn't work, type  X <return>  to quit.


! LaTeX Error: Something's wrong--perhaps a missing \item.

See the LaTeX manual or LaTeX Companion for explanation.
Type  H <return>  for immediate help.
 ...                                              
                                                  
l.12 \end{center}
                 
Try typing  <return>  to proceed.
If that doesn't work, type  X <return>  to quit.


! LaTeX Error: Something's wrong--perhaps a missing \item.

See the LaTeX manual or LaTeX Companion for explanation.
Type  H <return>  for immediate help.
 ...                                              
                                                  
l.12 \end{center}
                 
Try typing  <return>  to proceed.
If that doesn't work, type  X <return>  to quit.

! Missing $ inserted.
<inserted text> 
                $
l.12 \end{center}
                 
I've inserted something that you may have forgotten.
(See the <inserted text> above.)
With luck, this will get me unwedged. But if you
really didn't forget anything, try typing `2' now; then
my insertion and my current dilemma will both disappear.

! Missing } inserted.
<inserted text> 
                }
l.12 \end{center}
                 
I've inserted something that you may have forgotten.
(See the <inserted text> above.)
With luck, this will get me unwedged. But if you
really didn't forget anything, try typing `2' now; then
my insertion and my current dilemma will both disappear.


! LaTeX Error: \begin{document} ended by \end{figure}.

See the LaTeX manual or LaTeX Companion for explanation.
Type  H <return>  for immediate help.
 ...                                              
                                                  
l.13 \end{figure}
                 
Your command was ignored.
Type  I <command> <return>  to replace it with another command,
or  <return>  to continue without it.


Overfull \hbox (28.70152pt too wide) in paragraph at lines 11--14
[]\OML/cmm/m/it/10 cmus$
 []


Overfull \hbox (20.0pt too wide) in paragraph at lines 15--15
[] 
 []


LaTeX Font Warning: Font shape `OT1/cmr/m/n' in size <18> not available
(Font)              size <17.28> substituted on input line 16.


LaTeX Font Warning: Font shape `OT1/cmr/bx/n' in size <18> not available
(Font)              size <17.28> substituted on input line 17.

Missing character: There is no √ in font cmbx12!
Missing character: There is no Ä in font cmbx12!
Missing character: There is no · in font cmbx12!
Missing character: There is no ∫ in font cmbx12!
Missing character: There is no ¨ in font cmbx12!

Overfull \hbox (21.06001pt too wide) in paragraph at lines 17--17
 \OT1/cmr/bx/n/17.28 BI 
 []


Overfull \hbox (26.79999pt too wide) in paragraph at lines 17--17
 \OT1/cmr/bx/n/17.28 TP 
 []


LaTeX Font Warning: Font shape `OT1/cmr/m/n' in size <22> not available
(Font)              size <20.74> substituted on input line 18.


LaTeX Font Warning: Font shape `OT1/cmr/bx/n' in size <22> not available
(Font)              size <20.74> substituted on input line 19.

Missing character: There is no · in font cmbx12!
Missing character: There is no ª in font cmbx12!
Missing character: There is no ä in font cmbx12!
Missing character: There is no · in font cmbx12!
Missing character: There is no ª in font cmbx12!
Missing character: There is no ¨ in font cmbx12!
Missing character: There is no ƒ in font cmbx12!
Missing character: There is no ê in font cmbx12!
Missing character: There is no · in font cmbx12!
Missing character: There is no ∫ in font cmbx12!
Missing character: There is no ¢ in font cmbx12!
Missing character: There is no · in font cmbx12!
Missing character: There is no ª in font cmbx12!
Missing character: There is no ò in font cmbx12!
Missing character: There is no · in font cmbx12!
Missing character: There is no ∫ in font cmbx12!
Missing character: There is no ¢ in font cmbx12!
Missing character: There is no · in font cmbx12!
Missing character: There is no ª in font cmbx12!
Missing character: There is no Ü in font cmbx12!

Overfull \hbox (49.1135pt too wide) in paragraph at lines 19--19
 []\OT1/cmr/bx/n/20.74 LCH 
 []


Overfull \hbox (12.9625pt too wide) in paragraph at lines 19--19
 \OT1/cmr/bx/n/20.74 S 
 []


Overfull \hbox (36.58308pt too wide) in paragraph at lines 19--19
 \OT1/cmr/bx/n/20.74 NG 
 []


Overfull \hbox (53.43433pt too wide) in paragraph at lines 19--19
 \OT1/cmr/bx/n/20.74 CNG 
 []


Overfull \hbox (31.20604pt too wide) in paragraph at lines 19--19
 \OT1/cmr/bx/n/20.74 SN 
 []


Overfull \hbox (42.53622pt too wide) in paragraph at lines 19--19
 \OT1/cmr/bx/n/20.74 VIT 
 []


Overfull \hbox (57.99525pt too wide) in paragraph at lines 19--19
 \OT1/cmr/bx/n/20.74 NAM 
 []

Missing character: There is no ƒ in font cmbx12!
Missing character: There is no ê in font cmbx12!
Missing character: There is no · in font cmbx12!
Missing character: There is no ª in font cmbx12!
Missing character: There is no Ä in font cmbx12!
Missing character: There is no √ in font cmbx12!
Missing character: There is no Ä in font cmbx12!

Overfull \hbox (26.15997pt too wide) in paragraph at lines 21--21
 \OT1/cmr/bx/n/17.28 TI: 
 []

Missing character: There is no √ in font cmbx12!
Missing character: There is no ° in font cmbx12!
Missing character: There is no · in font cmbx12!
Missing character: There is no ∫ in font cmbx12!
Missing character: There is no ° in font cmbx12!
Missing character: There is no √ in font cmbx12!
Missing character: There is no £ in font cmbx12!
Missing character: There is no · in font cmbx12!
Missing character: There is no ª in font cmbx12!
Missing character: There is no ô in font cmbx12!
Missing character: There is no · in font cmbx12!
Missing character: There is no ª in font cmbx12!
Missing character: There is no ß in font cmbx12!
Missing character: There is no ƒ in font cmbx12!
Missing character: There is no © in font cmbx12!
Missing character: There is no √ in font cmbx12!
Missing character: There is no † in font cmbx12!
Missing character: There is no · in font cmbx12!
Missing character: There is no ª in font cmbx12!
Missing character: There is no Ø in font cmbx12!
Missing character: There is no √ in font cmbx12!
Missing character: There is no † in font cmbx12!
Missing character: There is no · in font cmbx12!
Missing character: There is no ∫ in font cmbx12!
Missing character: There is no £ in font cmbx12!
Missing character: There is no √ in font cmbx12!
Missing character: There is no ¢ in font cmbx12!
Missing character: There is no · in font cmbx12!
Missing character: There is no ª in font cmbx12!
Missing character: There is no ± in font cmbx12!
Missing character: There is no · in font cmbx12!
Missing character: There is no ª in font cmbx12!
Missing character: There is no ß in font cmbx12!
Missing character: There is no ƒ in font cmbx12!
Missing character: There is no © in font cmbx12!
Missing character: There is no √ in font cmbx12!
Missing character: There is no £ in font cmbx12!
Missing character: There is no · in font cmbx12!
Missing character: There is no ª in font cmbx12!
Missing character: There is no ô in font cmbx12!
Missing character: There is no · in font cmbx12!
Missing character: There is no ª in font cmbx12!
Missing character: There is no ü in font cmbx12!
Missing character: There is no · in font cmbx12!
Missing character: There is no ª in font cmbx12!
Missing character: There is no Å in font cmbx12!
Missing character: There is no · in font cmbx12!
Missing character: There is no ∫ in font cmbx12!
Missing character: There is no Ø in font cmbx12!
Missing character: There is no ƒ in font cmbx12!
Missing character: There is no ë in font cmbx12!
Missing character: There is no · in font cmbx12!
Missing character: There is no ∫ in font cmbx12!
Missing character: There is no ° in font cmbx12!
LaTeX Font Info:    Calculating math sizes for size <18> on input line 22.

LaTeX Font Warning: Font shape `OT1/cmr/m/n' in size <12.59995> not available
(Font)              size <12> substituted on input line 22.


LaTeX Font Warning: Font shape `OML/cmm/m/it' in size <18> not available
(Font)              size <17.28> substituted on input line 22.


LaTeX Font Warning: Font shape `OML/cmm/m/it' in size <12.59995> not available
(Font)              size <12> substituted on input line 22.


LaTeX Font Warning: Font shape `OMS/cmsy/m/n' in size <18> not available
(Font)              size <17.28> substituted on input line 22.


LaTeX Font Warning: Font shape `OMS/cmsy/m/n' in size <12.59995> not available
(Font)              size <12> substituted on input line 22.

LaTeX Font Info:    External font `cmex10' loaded for size
(Font)              <18> on input line 22.
LaTeX Font Info:    External font `cmex10' loaded for size
(Font)              <12.59995> on input line 22.
LaTeX Font Info:    External font `cmex10' loaded for size
(Font)              <9> on input line 22.

Overfull \hbox (32.93997pt too wide) in paragraph at lines 22--23
 []\OT1/cmr/bx/n/17.28 Cch 
 []


Overfull \hbox (36.71997pt too wide) in paragraph at lines 22--23
 \OT1/cmr/bx/n/17.28 mng 
 []


Overfull \hbox (10.26pt too wide) in paragraph at lines 22--23
 \OT1/cmr/bx/n/17.28 x 
 []


Overfull \hbox (16.19998pt too wide) in paragraph at lines 22--23
 \OT1/cmr/bx/n/17.28 hi 
 []


Overfull \hbox (18.89998pt too wide) in paragraph at lines 22--23
 \OT1/cmr/bx/n/17.28 ch 
 []


Overfull \hbox (40.76996pt too wide) in paragraph at lines 22--23
 \OT1/cmr/bx/n/17.28 ngha 
 []


Overfull \hbox (10.26pt too wide) in paragraph at lines 22--23
 \OT1/cmr/bx/n/17.28 v 
 []


Overfull \hbox (42.11995pt too wide) in paragraph at lines 22--23
 \OT1/cmr/bx/n/17.28 nhng 
 []


Overfull \hbox (39.95996pt too wide) in paragraph at lines 22--23
 \OT1/cmr/bx/n/17.28 thnh 
 []


Overfull \hbox (21.05998pt too wide) in paragraph at lines 22--23
 \OT1/cmr/bx/n/17.28 qu 
 []


Overfull \hbox (20.51999pt too wide) in paragraph at lines 22--23
 \OT1/cmr/bx/n/17.28 xy 
 []


Overfull \hbox (31.31996pt too wide) in paragraph at lines 22--23
 \OT1/cmr/bx/n/17.28 dng 
 []


Overfull \hbox (18.89998pt too wide) in paragraph at lines 22--23
 \OT1/cmr/bx/n/17.28 ch 
 []


Overfull \hbox (40.76996pt too wide) in paragraph at lines 22--23
 \OT1/cmr/bx/n/17.28 ngha 
 []


Overfull \hbox (10.26pt too wide) in paragraph at lines 22--23
 \OT1/cmr/bx/n/17.28 x 
 []


Overfull \hbox (16.19998pt too wide) in paragraph at lines 22--23
 \OT1/cmr/bx/n/17.28 hi 
 []


Overfull \hbox (32.39998pt too wide) in paragraph at lines 22--23
 \OT1/cmr/bx/n/17.28 min 
 []


Overfull \hbox (22.46pt too wide) in paragraph at lines 22--23
 \OT1/cmr/bx/n/17.28 Bc 
 []


Overfull \hbox (29.96997pt too wide) in paragraph at lines 22--23
 \OT1/cmr/bx/n/17.28 giai 
 []


Overfull \hbox (20.51997pt too wide) in paragraph at lines 22--23
 \OT1/cmr/bx/n/17.28 on 
 []


Overfull \hbox (38.87994pt too wide) in paragraph at lines 22--23
 \OT1/cmr/bx/n/17.28 1954 
 []


Overfull \hbox (13.44003pt too wide) in paragraph at lines 22--23
 \OMS/cmsy/m/n/17.28 ^^@$ 
 []


Overfull \hbox (38.87994pt too wide) in paragraph at lines 22--23
 \OT1/cmr/bx/n/17.28 1975 
 []

Missing character: There is no √ in font cmbx12!
Missing character: There is no ¥ in font cmbx12!
Missing character: There is no · in font cmbx12!
Missing character: There is no ª in font cmbx12!
Missing character: There is no ç in font cmbx12!
Missing character: There is no · in font cmr12!
Missing character: There is no ª in font cmr12!
Missing character: There is no ã in font cmr12!
Missing character: There is no · in font cmr12!
Missing character: There is no ª in font cmr12!
Missing character: There is no ≠ in font cmr12!
Missing character: There is no ƒ in font cmr12!
Missing character: There is no ê in font cmr12!
Missing character: There is no · in font cmr12!
Missing character: There is no ∫ in font cmr12!
Missing character: There is no £ in font cmr12!
Missing character: There is no · in font cmr12!
Missing character: There is no ª in font cmr12!
Missing character: There is no ô in font cmr12!
Missing character: There is no · in font cmr12!
Missing character: There is no ∫ in font cmr12!
Missing character: There is no £ in font cmr12!
Missing character: There is no · in font cmr12!
Missing character: There is no ª in font cmr12!
Missing character: There is no á in font cmr12!
Missing character: There is no √ in font cmbx12!
Missing character: There is no £ in font cmbx12!
Missing character: There is no √ in font cmbx12!
Missing character: There is no ¥ in font cmbx12!
Missing character: There is no · in font cmbx12!
Missing character: There is no ª in font cmbx12!
Missing character: There is no ç in font cmbx12!
Missing character: There is no · in font cmbx12!
Missing character: There is no ∫ in font cmbx12!
Missing character: There is no £ in font cmbx12!
Missing character: There is no √ in font cmbx12!
Missing character: There is no ™ in font cmbx12!
Missing character: There is no ∆ in font cmbx12!
Missing character: There is no ∞ in font cmbx12!
Missing character: There is no · in font cmbx12!
Missing character: There is no ª in font cmbx12!
Missing character: There is no õ in font cmbx12!
Missing character: There is no · in font cmbx12!
Missing character: There is no ∫ in font cmbx12!
Missing character: There is no ´ in font cmbx12!
Missing character: There is no √ in font cmr12!
Missing character: There is no ¥ in font cmr12!
Missing character: There is no ƒ in font cmr12!
Missing character: There is no ê in font cmr12!
Missing character: There is no · in font cmr12!
Missing character: There is no ª in font cmr12!
Missing character: There is no ã in font cmr12!
Missing character: There is no · in font cmbx12!
Missing character: There is no ª in font cmbx12!
Missing character: There is no õ in font cmbx12!
LaTeX Font Info:    Calculating math sizes for size <14> on input line 29.
LaTeX Font Info:    External font `cmex10' loaded for size
(Font)              <14> on input line 29.
LaTeX Font Info:    External font `cmex10' loaded for size
(Font)              <9.79996> on input line 29.
Missing character: There is no √ in font cmbx12!
Missing character: There is no ™ in font cmbx12!
Missing character: There is no · in font cmbx12!
Missing character: There is no ª in font cmbx12!
Missing character: There is no ± in font cmbx12!
Missing character: There is no · in font cmbx12!
Missing character: There is no ª in font cmbx12!
Missing character: There is no á in font cmbx12!
Missing character: There is no · in font cmr12!
Missing character: There is no ª in font cmr12!
Missing character: There is no Ö in font cmr12!
Missing character: There is no ƒ in font cmr12!
Missing character: There is no É in font cmr12!
Missing character: There is no · in font cmr12!
Missing character: There is no ª in font cmr12!
Missing character: There is no ô in font cmr12!
Missing character: There is no √ in font cmbx12!
Missing character: There is no £ in font cmbx12!
Missing character: There is no · in font cmbx12!
Missing character: There is no ª in font cmbx12!
Missing character: There is no ë in font cmbx12!
Missing character: There is no √ in font cmbx12!
Missing character: There is no ™ in font cmbx12!

Overfull \hbox (24.36665pt too wide) in paragraph at lines 26--32
\OT1/cmr/bx/n/14.4 Mn
 []


Overfull \hbox (20.69997pt too wide) in paragraph at lines 26--32
\OT1/cmr/bx/n/14.4 hc:
 []


Overfull \hbox (22.51807pt too wide) in paragraph at lines 26--32
\OT1/cmr/m/n/14.4 Lch
 []


Overfull \hbox (5.5616pt too wide) in paragraph at lines 26--32
\OT1/cmr/m/n/14.4 s
 []


Overfull \hbox (14.88315pt too wide) in paragraph at lines 26--32
\OT1/cmr/m/n/14.4 ng
 []


Overfull \hbox (25.06636pt too wide) in paragraph at lines 26--32
\OT1/cmr/m/n/14.4 Cng
 []


Overfull \hbox (13.39484pt too wide) in paragraph at lines 26--32
\OT1/cmr/m/n/14.4 sn
 []


Overfull \hbox (19.96977pt too wide) in paragraph at lines 26--32
\OT1/cmr/m/n/14.4 Vit
 []


Overfull \hbox (29.36967pt too wide) in paragraph at lines 26--32
\OT1/cmr/m/n/14.4 Nam 
 []


Overfull \hbox (15.36667pt too wide) in paragraph at lines 26--32
\OT1/cmr/bx/n/14.4 M
 []


Overfull \hbox (22.49997pt too wide) in paragraph at lines 26--32
\OT1/cmr/bx/n/14.4 mn
 []


Overfull \hbox (20.69997pt too wide) in paragraph at lines 26--32
\OT1/cmr/bx/n/14.4 hc:
 []


Overfull \hbox (66.37425pt too wide) in paragraph at lines 26--32
\OT1/cmr/m/n/14.4 BAA00104 
 []


Overfull \hbox (34.33328pt too wide) in paragraph at lines 26--32
\OT1/cmr/bx/n/14.4 Ging
 []


Overfull \hbox (22.04996pt too wide) in paragraph at lines 26--32
\OT1/cmr/bx/n/14.4 vin
 []


Overfull \hbox (26.09996pt too wide) in paragraph at lines 26--32
\OT1/cmr/bx/n/14.4 hng
 []


Overfull \hbox (22.49995pt too wide) in paragraph at lines 26--32
\OT1/cmr/bx/n/14.4 dn:
 []


Overfull \hbox (21.93306pt too wide) in paragraph at lines 26--32
\OT1/cmr/m/n/14.4 TS.
 []


Overfull \hbox (17.61981pt too wide) in paragraph at lines 26--32
\OT1/cmr/m/n/14.4 Ng
 []


Overfull \hbox (40.73283pt too wide) in paragraph at lines 26--32
\OT1/cmr/m/n/14.4 Quang
 []


Overfull \hbox (15.66647pt too wide) in paragraph at lines 26--32
\OT1/cmr/m/n/14.4 nh 
 []


Overfull \hbox (23.23329pt too wide) in paragraph at lines 26--32
\OT1/cmr/bx/n/14.4 Lp:
 []


Overfull \hbox (41.10881pt too wide) in paragraph at lines 26--32
\OT1/cmr/m/n/14.4 20S4$[]$1 
 []


Overfull \hbox (31.49994pt too wide) in paragraph at lines 26--32
\OT1/cmr/bx/n/14.4 Sinh
 []


Overfull \hbox (22.04996pt too wide) in paragraph at lines 26--32
\OT1/cmr/bx/n/14.4 vin
 []


Overfull \hbox (22.49997pt too wide) in paragraph at lines 26--32
\OT1/cmr/bx/n/14.4 thc
 []


Overfull \hbox (26.99994pt too wide) in paragraph at lines 26--32
\OT1/cmr/bx/n/14.4 hin:
 []


Overfull \hbox (40.72786pt too wide) in paragraph at lines 26--32
\OT1/cmr/m/n/14.4 Nguyn
 []


Overfull \hbox (18.40314pt too wide) in paragraph at lines 26--32
\OT1/cmr/m/n/14.4 Vn
 []


Overfull \hbox (15.07649pt too wide) in paragraph at lines 26--32
\OT1/cmr/m/n/14.4 Lc 
 []


Overfull \hbox (15.36667pt too wide) in paragraph at lines 26--32
\OT1/cmr/bx/n/14.4 M
 []


Overfull \hbox (6.39001pt too wide) in paragraph at lines 26--32
\OT1/cmr/bx/n/14.4 s
 []


Overfull \hbox (28.88997pt too wide) in paragraph at lines 26--32
\OT1/cmr/bx/n/14.4 sinh
 []


Overfull \hbox (26.54994pt too wide) in paragraph at lines 26--32
\OT1/cmr/bx/n/14.4 vin:
 []


Overfull \hbox (56.39929pt too wide) in paragraph at lines 26--32
\OT1/cmr/m/n/14.4 20120131 
 []


! LaTeX Error: The font size command \normalsize is not defined:
               there is probably something wrong with the class file.

See the LaTeX manual or LaTeX Companion for explanation.
Type  H <return>  for immediate help.
 ...                                              
                                                  
l.32 \vskip
            4 cm
Your command was ignored.
Type  I <command> <return>  to replace it with another command,
or  <return>  to continue without it.

[1{c:/Disk D/texlive/2012/texmf-var/fonts/map/pdftex/updmap/pdftex.map}]
Overfull \hbox (20.0pt too wide) in paragraph at lines 33--33
[] 
 []

Missing character: There is no √ in font cmbx12!
Missing character: There is no Ä in font cmbx12!
Missing character: There is no · in font cmbx12!
Missing character: There is no ª in font cmbx12!
Missing character: There is no ê in font cmbx12!
Missing character: There is no · in font cmbx12!
Missing character: There is no ª in font cmbx12!
Missing character: There is no í in font cmbx12!
Missing character: There is no √ in font cmbx12!
Missing character: There is no ç in font cmbx12!
Missing character: There is no √ in font cmbx12!
Missing character: There is no Å in font cmbx12!
Missing character: There is no ƒ in font cmbx12!
Missing character: There is no Ç in font cmbx12!

Overfull \hbox (49.26666pt too wide) in paragraph at lines 34--35
 \OT1/cmr/bx/n/14.4 THNH 
 []


Overfull \hbox (23.73334pt too wide) in paragraph at lines 34--35
 \OT1/cmr/bx/n/14.4 PH 
 []


Overfull \hbox (12.66667pt too wide) in paragraph at lines 34--35
 \OT1/cmr/bx/n/14.4 H 
 []


Overfull \hbox (24.36665pt too wide) in paragraph at lines 34--35
 \OT1/cmr/bx/n/14.4 CH 
 []


Overfull \hbox (51.23334pt too wide) in paragraph at lines 34--35
 \OT1/cmr/bx/n/14.4 MINH, 
 []


Overfull \hbox (49.33331pt too wide) in paragraph at lines 34--35
 \OT1/cmr/bx/n/14.4 THNG 
 []


Overfull \hbox (16.19998pt too wide) in paragraph at lines 34--35
 \OT1/cmr/bx/n/14.4 12 
 []


Overfull \hbox (28.03334pt too wide) in paragraph at lines 34--35
 \OT1/cmr/bx/n/14.4 NM 
 []


Overfull \hbox (32.39996pt too wide) in paragraph at lines 34--35
 \OT1/cmr/bx/n/14.4 2021 
 []


! LaTeX Error: \begin{document} ended by \end{mybox}.

See the LaTeX manual or LaTeX Companion for explanation.
Type  H <return>  for immediate help.
 ...                                              
                                                  
l.36 \end{mybox}
                
Your command was ignored.
Type  I <command> <return>  to replace it with another command,
or  <return>  to continue without it.


! LaTeX Error: \begin{document} ended by \end{titlepage}.

See the LaTeX manual or LaTeX Companion for explanation.
Type  H <return>  for immediate help.
 ...                                              
                                                  
l.37 \end{titlepage}
                    
Your command was ignored.
Type  I <command> <return>  to replace it with another command,
or  <return>  to continue without it.

)
! Emergency stop.
<*> Cover.tex
             
*** (job aborted, no legal \end found)

 
Here is how much of TeX's memory you used:
 64 strings out of 493488
 913 string characters out of 3141742
 52432 words of memory out of 3000000
 3462 multiletter control sequences out of 15000+200000
 8819 words of font info for 31 fonts, out of 3000000 for 9000
 957 hyphenation exceptions out of 8191
 22i,4n,13p,182b,194s stack positions out of 5000i,500n,10000p,200000b,50000s
!  ==> Fatal error occurred, no output PDF file produced!
